Analysis & Synthesis report for VGA
Fri Mar 22 18:00:03 2019
Quartus Prime Version 17.1.0 Build 590 10/25/2017 SJ Lite Edition


---------------------
; Table of Contents ;
---------------------
  1. Legal Notice
  2. Analysis & Synthesis Summary
  3. Analysis & Synthesis Settings
  4. Parallel Compilation
  5. Analysis & Synthesis Source Files Read
  6. Analysis & Synthesis Resource Usage Summary
  7. Analysis & Synthesis Resource Utilization by Entity
  8. Analysis & Synthesis IP Cores Summary
  9. User-Specified and Inferred Latches
 10. Registers Removed During Synthesis
 11. General Register Statistics
 12. Inverted Register Statistics
 13. Source assignments for pll:C|pll_altpll_0:altpll_0
 14. Source assignments for pll:C|pll_altpll_0:altpll_0|pll_altpll_0_stdsync_sv6:stdsync2|pll_altpll_0_dffpipe_l2c:dffpipe3
 15. Port Connectivity Checks: "pll:C|pll_altpll_0:altpll_0|pll_altpll_0_altpll_3742:sd1"
 16. Port Connectivity Checks: "pll:C|pll_altpll_0:altpll_0"
 17. Post-Synthesis Netlist Statistics for Top Partition
 18. Elapsed Time Per Partition
 19. Analysis & Synthesis Messages



----------------
; Legal Notice ;
----------------
Copyright (C) 2017  Intel Corporation. All rights reserved.
Your use of Intel Corporation's design tools, logic functions 
and other software and tools, and its AMPP partner logic 
functions, and any output files from any of the foregoing 
(including device programming or simulation files), and any 
associated documentation or information are expressly subject 
to the terms and conditions of the Intel Program License 
Subscription Agreement, the Intel Quartus Prime License Agreement,
the Intel FPGA IP License Agreement, or other applicable license
agreement, including, without limitation, that your use is for
the sole purpose of programming logic devices manufactured by
Intel and sold by Intel or its authorized distributors.  Please
refer to the applicable agreement for further details.



+----------------------------------------------------------------------------------+
; Analysis & Synthesis Summary                                                     ;
+------------------------------------+---------------------------------------------+
; Analysis & Synthesis Status        ; Successful - Fri Mar 22 18:00:03 2019       ;
; Quartus Prime Version              ; 17.1.0 Build 590 10/25/2017 SJ Lite Edition ;
; Revision Name                      ; VGA                                         ;
; Top-level Entity Name              ; VGA                                         ;
; Family                             ; Cyclone IV E                                ;
; Total logic elements               ; 387                                         ;
;     Total combinational functions  ; 364                                         ;
;     Dedicated logic registers      ; 116                                         ;
; Total registers                    ; 116                                         ;
; Total pins                         ; 50                                          ;
; Total virtual pins                 ; 0                                           ;
; Total memory bits                  ; 0                                           ;
; Embedded Multiplier 9-bit elements ; 0                                           ;
; Total PLLs                         ; 1                                           ;
+------------------------------------+---------------------------------------------+


+----------------------------------------------------------------------------------------------------------------------+
; Analysis & Synthesis Settings                                                                                        ;
+----------------------------------------------------------------------------+--------------------+--------------------+
; Option                                                                     ; Setting            ; Default Value      ;
+----------------------------------------------------------------------------+--------------------+--------------------+
; Device                                                                     ; EP4CE115F29C7      ;                    ;
; Top-level entity name                                                      ; VGA                ; VGA                ;
; Family name                                                                ; Cyclone IV E       ; Cyclone V          ;
; Use smart compilation                                                      ; Off                ; Off                ;
; Enable parallel Assembler and TimeQuest Timing Analyzer during compilation ; On                 ; On                 ;
; Enable compact report table                                                ; Off                ; Off                ;
; Restructure Multiplexers                                                   ; Auto               ; Auto               ;
; Create Debugging Nodes for IP Cores                                        ; Off                ; Off                ;
; Preserve fewer node names                                                  ; On                 ; On                 ;
; Intel FPGA IP Evaluation Mode                                              ; Enable             ; Enable             ;
; Verilog Version                                                            ; Verilog_2001       ; Verilog_2001       ;
; VHDL Version                                                               ; VHDL_1993          ; VHDL_1993          ;
; State Machine Processing                                                   ; Auto               ; Auto               ;
; Safe State Machine                                                         ; Off                ; Off                ;
; Extract Verilog State Machines                                             ; On                 ; On                 ;
; Extract VHDL State Machines                                                ; On                 ; On                 ;
; Ignore Verilog initial constructs                                          ; Off                ; Off                ;
; Iteration limit for constant Verilog loops                                 ; 5000               ; 5000               ;
; Iteration limit for non-constant Verilog loops                             ; 250                ; 250                ;
; Add Pass-Through Logic to Inferred RAMs                                    ; On                 ; On                 ;
; Infer RAMs from Raw Logic                                                  ; On                 ; On                 ;
; Parallel Synthesis                                                         ; On                 ; On                 ;
; DSP Block Balancing                                                        ; Auto               ; Auto               ;
; NOT Gate Push-Back                                                         ; On                 ; On                 ;
; Power-Up Don't Care                                                        ; On                 ; On                 ;
; Remove Redundant Logic Cells                                               ; Off                ; Off                ;
; Remove Duplicate Registers                                                 ; On                 ; On                 ;
; Ignore CARRY Buffers                                                       ; Off                ; Off                ;
; Ignore CASCADE Buffers                                                     ; Off                ; Off                ;
; Ignore GLOBAL Buffers                                                      ; Off                ; Off                ;
; Ignore ROW GLOBAL Buffers                                                  ; Off                ; Off                ;
; Ignore LCELL Buffers                                                       ; Off                ; Off                ;
; Ignore SOFT Buffers                                                        ; On                 ; On                 ;
; Limit AHDL Integers to 32 Bits                                             ; Off                ; Off                ;
; Optimization Technique                                                     ; Balanced           ; Balanced           ;
; Carry Chain Length                                                         ; 70                 ; 70                 ;
; Auto Carry Chains                                                          ; On                 ; On                 ;
; Auto Open-Drain Pins                                                       ; On                 ; On                 ;
; Perform WYSIWYG Primitive Resynthesis                                      ; Off                ; Off                ;
; Auto ROM Replacement                                                       ; On                 ; On                 ;
; Auto RAM Replacement                                                       ; On                 ; On                 ;
; Auto DSP Block Replacement                                                 ; On                 ; On                 ;
; Auto Shift Register Replacement                                            ; Auto               ; Auto               ;
; Allow Shift Register Merging across Hierarchies                            ; Auto               ; Auto               ;
; Auto Clock Enable Replacement                                              ; On                 ; On                 ;
; Strict RAM Replacement                                                     ; Off                ; Off                ;
; Allow Synchronous Control Signals                                          ; On                 ; On                 ;
; Force Use of Synchronous Clear Signals                                     ; Off                ; Off                ;
; Auto RAM Block Balancing                                                   ; On                 ; On                 ;
; Auto RAM to Logic Cell Conversion                                          ; Off                ; Off                ;
; Auto Resource Sharing                                                      ; Off                ; Off                ;
; Allow Any RAM Size For Recognition                                         ; Off                ; Off                ;
; Allow Any ROM Size For Recognition                                         ; Off                ; Off                ;
; Allow Any Shift Register Size For Recognition                              ; Off                ; Off                ;
; Use LogicLock Constraints during Resource Balancing                        ; On                 ; On                 ;
; Ignore translate_off and synthesis_off directives                          ; Off                ; Off                ;
; Timing-Driven Synthesis                                                    ; On                 ; On                 ;
; Report Parameter Settings                                                  ; On                 ; On                 ;
; Report Source Assignments                                                  ; On                 ; On                 ;
; Report Connectivity Checks                                                 ; On                 ; On                 ;
; Ignore Maximum Fan-Out Assignments                                         ; Off                ; Off                ;
; Synchronization Register Chain Length                                      ; 2                  ; 2                  ;
; Power Optimization During Synthesis                                        ; Normal compilation ; Normal compilation ;
; HDL message level                                                          ; Level2             ; Level2             ;
; Suppress Register Optimization Related Messages                            ; Off                ; Off                ;
; Number of Removed Registers Reported in Synthesis Report                   ; 5000               ; 5000               ;
; Number of Swept Nodes Reported in Synthesis Report                         ; 5000               ; 5000               ;
; Number of Inverted Registers Reported in Synthesis Report                  ; 100                ; 100                ;
; Clock MUX Protection                                                       ; On                 ; On                 ;
; Auto Gated Clock Conversion                                                ; Off                ; Off                ;
; Block Design Naming                                                        ; Auto               ; Auto               ;
; SDC constraint protection                                                  ; Off                ; Off                ;
; Synthesis Effort                                                           ; Auto               ; Auto               ;
; Shift Register Replacement - Allow Asynchronous Clear Signal               ; On                 ; On                 ;
; Pre-Mapping Resynthesis Optimization                                       ; Off                ; Off                ;
; Analysis & Synthesis Message Level                                         ; Medium             ; Medium             ;
; Disable Register Merging Across Hierarchies                                ; Auto               ; Auto               ;
; Resource Aware Inference For Block RAM                                     ; On                 ; On                 ;
+----------------------------------------------------------------------------+--------------------+--------------------+


+------------------------------------------+
; Parallel Compilation                     ;
+----------------------------+-------------+
; Processors                 ; Number      ;
+----------------------------+-------------+
; Number detected on machine ; 4           ;
; Maximum allowed            ; 4           ;
;                            ;             ;
; Average used               ; 1.00        ;
; Maximum used               ; 4           ;
;                            ;             ;
; Usage by Processor         ; % Time Used ;
;     Processor 1            ; 100.0%      ;
;     Processor 2            ;   0.0%      ;
;     Processors 3-4         ;   0.0%      ;
+----------------------------+-------------+


+--------------------------------------------------------------------------------------------------------------------------------------------------------------+
; Analysis & Synthesis Source Files Read                                                                                                                       ;
+-----------------------------------------+-----------------+------------------------+---------------------------------------------------------------+---------+
; File Name with User-Entered Path        ; Used in Netlist ; File Type              ; File Name with Absolute Path                                  ; Library ;
+-----------------------------------------+-----------------+------------------------+---------------------------------------------------------------+---------+
; pll/synthesis/pll.vhd                   ; yes             ; User VHDL File         ; C:/PC1/VGA-master/VGA/pll/synthesis/pll.vhd                   ; pll     ;
; pll/synthesis/submodules/pll_altpll_0.v ; yes             ; User Verilog HDL File  ; C:/PC1/VGA-master/VGA/pll/synthesis/submodules/pll_altpll_0.v ; pll     ;
; VGA.vhd                                 ; yes             ; User VHDL File         ; C:/PC1/VGA-master/VGA/VGA.vhd                                 ;         ;
; Vhdl2.vhd                               ; yes             ; User VHDL File         ; C:/PC1/VGA-master/VGA/Vhdl2.vhd                               ;         ;
; pcg.vhd                                 ; yes             ; User VHDL File         ; C:/PC1/VGA-master/VGA/pcg.vhd                                 ;         ;
+-----------------------------------------+-----------------+------------------------+---------------------------------------------------------------+---------+


+-------------------------------------------------------------------------------------------------------------------------+
; Analysis & Synthesis Resource Usage Summary                                                                             ;
+---------------------------------------------+---------------------------------------------------------------------------+
; Resource                                    ; Usage                                                                     ;
+---------------------------------------------+---------------------------------------------------------------------------+
; Estimated Total logic elements              ; 387                                                                       ;
;                                             ;                                                                           ;
; Total combinational functions               ; 364                                                                       ;
; Logic element usage by number of LUT inputs ;                                                                           ;
;     -- 4 input functions                    ; 95                                                                        ;
;     -- 3 input functions                    ; 139                                                                       ;
;     -- <=2 input functions                  ; 130                                                                       ;
;                                             ;                                                                           ;
; Logic elements by mode                      ;                                                                           ;
;     -- normal mode                          ; 200                                                                       ;
;     -- arithmetic mode                      ; 164                                                                       ;
;                                             ;                                                                           ;
; Total registers                             ; 116                                                                       ;
;     -- Dedicated logic registers            ; 116                                                                       ;
;     -- I/O registers                        ; 0                                                                         ;
;                                             ;                                                                           ;
; I/O pins                                    ; 50                                                                        ;
;                                             ;                                                                           ;
; Embedded Multiplier 9-bit elements          ; 0                                                                         ;
;                                             ;                                                                           ;
; Total PLLs                                  ; 1                                                                         ;
;     -- PLLs                                 ; 1                                                                         ;
;                                             ;                                                                           ;
; Maximum fan-out node                        ; pll:C|pll_altpll_0:altpll_0|pll_altpll_0_altpll_3742:sd1|wire_pll7_clk[0] ;
; Maximum fan-out                             ; 78                                                                        ;
; Total fan-out                               ; 1451                                                                      ;
; Average fan-out                             ; 2.50                                                                      ;
+---------------------------------------------+---------------------------------------------------------------------------+


+------------------------------------------------------------------------------------------------------------------------------------------------------------------------------------------------------------------------------------------------------------------------------+
; Analysis & Synthesis Resource Utilization by Entity                                                                                                                                                                                                                          ;
+-----------------------------------------+---------------------+---------------------------+-------------+--------------+---------+-----------+------+--------------+---------------------------------------------------------------+--------------------------+--------------+
; Compilation Hierarchy Node              ; Combinational ALUTs ; Dedicated Logic Registers ; Memory Bits ; DSP Elements ; DSP 9x9 ; DSP 18x18 ; Pins ; Virtual Pins ; Full Hierarchy Name                                           ; Entity Name              ; Library Name ;
+-----------------------------------------+---------------------+---------------------------+-------------+--------------+---------+-----------+------+--------------+---------------------------------------------------------------+--------------------------+--------------+
; |VGA                                    ; 364 (0)             ; 116 (0)                   ; 0           ; 0            ; 0       ; 0         ; 50   ; 0            ; |VGA                                                          ; VGA                      ; work         ;
;    |SYNC:C1|                            ; 364 (364)           ; 116 (116)                 ; 0           ; 0            ; 0       ; 0         ; 0    ; 0            ; |VGA|SYNC:C1                                                  ; SYNC                     ; work         ;
;    |pll:C|                              ; 0 (0)               ; 0 (0)                     ; 0           ; 0            ; 0       ; 0         ; 0    ; 0            ; |VGA|pll:C                                                    ; pll                      ; pll          ;
;       |pll_altpll_0:altpll_0|           ; 0 (0)               ; 0 (0)                     ; 0           ; 0            ; 0       ; 0         ; 0    ; 0            ; |VGA|pll:C|pll_altpll_0:altpll_0                              ; pll_altpll_0             ; pll          ;
;          |pll_altpll_0_altpll_3742:sd1| ; 0 (0)               ; 0 (0)                     ; 0           ; 0            ; 0       ; 0         ; 0    ; 0            ; |VGA|pll:C|pll_altpll_0:altpll_0|pll_altpll_0_altpll_3742:sd1 ; pll_altpll_0_altpll_3742 ; pll          ;
+-----------------------------------------+---------------------+---------------------------+-------------+--------------+---------+-----------+------+--------------+---------------------------------------------------------------+--------------------------+--------------+
Note: For table entries with two numbers listed, the numbers in parentheses indicate the number of resources of the given type used by the specific entity alone. The numbers listed outside of parentheses indicate the total resources of the given type used by the specific entity and all of its sub-entities in the hierarchy.


+--------------------------------------------------------------------------------------------------------------------+
; Analysis & Synthesis IP Cores Summary                                                                              ;
+--------+--------------+---------+--------------+--------------+----------------------------------+-----------------+
; Vendor ; IP Core Name ; Version ; Release Date ; License Type ; Entity Instance                  ; IP Include File ;
+--------+--------------+---------+--------------+--------------+----------------------------------+-----------------+
; N/A    ; Qsys         ; 17.1    ; N/A          ; N/A          ; |VGA|pll:C                       ; pll.qsys        ;
; Altera ; altpll       ; 17.1    ; N/A          ; N/A          ; |VGA|pll:C|pll_altpll_0:altpll_0 ; pll.qsys        ;
+--------+--------------+---------+--------------+--------------+----------------------------------+-----------------+


+----------------------------------------------------------------------------------------------------+
; User-Specified and Inferred Latches                                                                ;
+-----------------------------------------------------+---------------------+------------------------+
; Latch Name                                          ; Latch Enable Signal ; Free of Timing Hazards ;
+-----------------------------------------------------+---------------------+------------------------+
; SYNC:C1|hex0[0]                                     ; SYNC:C1|hex1[1]     ; yes                    ;
; SYNC:C1|hex0[1]                                     ; SYNC:C1|hex1[1]     ; yes                    ;
; SYNC:C1|hex0[2]                                     ; SYNC:C1|hex1[1]     ; yes                    ;
; SYNC:C1|hex0[3]                                     ; SYNC:C1|hex1[1]     ; yes                    ;
; SYNC:C1|hex1[1]                                     ; SYNC:C1|hex1[1]     ; yes                    ;
; SYNC:C1|hex1[0]                                     ; SYNC:C1|hex1[1]     ; yes                    ;
; SYNC:C1|hex1[3]                                     ; SYNC:C1|hex1[1]     ; yes                    ;
; SYNC:C1|hex1[4]                                     ; SYNC:C1|hex1[1]     ; yes                    ;
; SYNC:C1|hex1[5]                                     ; SYNC:C1|hex1[1]     ; yes                    ;
; SYNC:C1|hex1[6]                                     ; SYNC:C1|hex1[1]     ; yes                    ;
; SYNC:C1|hex1[7]                                     ; SYNC:C1|hex1[1]     ; yes                    ;
; SYNC:C1|hex1[8]                                     ; SYNC:C1|hex1[1]     ; yes                    ;
; SYNC:C1|hex1[9]                                     ; SYNC:C1|hex1[1]     ; yes                    ;
; SYNC:C1|hex1[10]                                    ; SYNC:C1|hex1[1]     ; yes                    ;
; SYNC:C1|hex1[11]                                    ; SYNC:C1|hex1[1]     ; yes                    ;
; SYNC:C1|hex1[12]                                    ; SYNC:C1|hex1[1]     ; yes                    ;
; SYNC:C1|hex1[13]                                    ; SYNC:C1|hex1[1]     ; yes                    ;
; SYNC:C1|hex1[14]                                    ; SYNC:C1|hex1[1]     ; yes                    ;
; SYNC:C1|hex1[15]                                    ; SYNC:C1|hex1[1]     ; yes                    ;
; SYNC:C1|hex1[16]                                    ; SYNC:C1|hex1[1]     ; yes                    ;
; SYNC:C1|hex1[17]                                    ; SYNC:C1|hex1[1]     ; yes                    ;
; SYNC:C1|hex1[18]                                    ; SYNC:C1|hex1[1]     ; yes                    ;
; SYNC:C1|hex1[19]                                    ; SYNC:C1|hex1[1]     ; yes                    ;
; SYNC:C1|hex1[20]                                    ; SYNC:C1|hex1[1]     ; yes                    ;
; SYNC:C1|hex1[21]                                    ; SYNC:C1|hex1[1]     ; yes                    ;
; SYNC:C1|hex1[22]                                    ; SYNC:C1|hex1[1]     ; yes                    ;
; SYNC:C1|hex1[23]                                    ; SYNC:C1|hex1[1]     ; yes                    ;
; SYNC:C1|hex1[24]                                    ; SYNC:C1|hex1[1]     ; yes                    ;
; SYNC:C1|hex1[25]                                    ; SYNC:C1|hex1[1]     ; yes                    ;
; SYNC:C1|hex1[26]                                    ; SYNC:C1|hex1[1]     ; yes                    ;
; SYNC:C1|hex1[27]                                    ; SYNC:C1|hex1[1]     ; yes                    ;
; SYNC:C1|hex1[28]                                    ; SYNC:C1|hex1[1]     ; yes                    ;
; SYNC:C1|hex1[29]                                    ; SYNC:C1|hex1[1]     ; yes                    ;
; SYNC:C1|hex1[30]                                    ; SYNC:C1|hex1[1]     ; yes                    ;
; SYNC:C1|hex1[31]                                    ; SYNC:C1|hex1[1]     ; yes                    ;
; SYNC:C1|hex1[2]                                     ; SYNC:C1|hex1[1]     ; yes                    ;
; SYNC:C1|dataint[0]                                  ; SYNC:C1|Equal8      ; yes                    ;
; SYNC:C1|f1                                          ; SYNC:C1|f1          ; yes                    ;
; SYNC:C1|dataint[1]                                  ; SYNC:C1|Equal8      ; yes                    ;
; SYNC:C1|dataint[2]                                  ; SYNC:C1|Equal8      ; yes                    ;
; SYNC:C1|dataint[3]                                  ; SYNC:C1|Equal8      ; yes                    ;
; SYNC:C1|dataint[5]                                  ; SYNC:C1|Equal8      ; yes                    ;
; SYNC:C1|dataint[4]                                  ; SYNC:C1|Equal8      ; yes                    ;
; SYNC:C1|dataint[31]                                 ; SYNC:C1|Equal8      ; yes                    ;
; SYNC:C1|dataint[7]                                  ; SYNC:C1|Equal8      ; yes                    ;
; SYNC:C1|dataint[6]                                  ; SYNC:C1|Equal8      ; yes                    ;
; SYNC:C1|dataint[8]                                  ; SYNC:C1|Equal8      ; yes                    ;
; SYNC:C1|dataint[9]                                  ; SYNC:C1|Equal8      ; yes                    ;
; SYNC:C1|dataint[10]                                 ; SYNC:C1|Equal8      ; yes                    ;
; SYNC:C1|dataint[11]                                 ; SYNC:C1|Equal8      ; yes                    ;
; SYNC:C1|dataint[12]                                 ; SYNC:C1|Equal8      ; yes                    ;
; SYNC:C1|dataint[13]                                 ; SYNC:C1|Equal8      ; yes                    ;
; SYNC:C1|dataint[14]                                 ; SYNC:C1|Equal8      ; yes                    ;
; SYNC:C1|dataint[15]                                 ; SYNC:C1|Equal8      ; yes                    ;
; SYNC:C1|dataint[16]                                 ; SYNC:C1|Equal8      ; yes                    ;
; SYNC:C1|dataint[17]                                 ; SYNC:C1|Equal8      ; yes                    ;
; SYNC:C1|dataint[18]                                 ; SYNC:C1|Equal8      ; yes                    ;
; SYNC:C1|dataint[19]                                 ; SYNC:C1|Equal8      ; yes                    ;
; SYNC:C1|dataint[20]                                 ; SYNC:C1|Equal8      ; yes                    ;
; SYNC:C1|dataint[21]                                 ; SYNC:C1|Equal8      ; yes                    ;
; SYNC:C1|dataint[22]                                 ; SYNC:C1|Equal8      ; yes                    ;
; SYNC:C1|dataint[23]                                 ; SYNC:C1|Equal8      ; yes                    ;
; SYNC:C1|dataint[24]                                 ; SYNC:C1|Equal8      ; yes                    ;
; SYNC:C1|dataint[25]                                 ; SYNC:C1|Equal8      ; yes                    ;
; SYNC:C1|dataint[26]                                 ; SYNC:C1|Equal8      ; yes                    ;
; SYNC:C1|dataint[27]                                 ; SYNC:C1|Equal8      ; yes                    ;
; SYNC:C1|dataint[28]                                 ; SYNC:C1|Equal8      ; yes                    ;
; SYNC:C1|dataint[29]                                 ; SYNC:C1|Equal8      ; yes                    ;
; SYNC:C1|dataint[30]                                 ; SYNC:C1|Equal8      ; yes                    ;
; SYNC:C1|hex01[0]                                    ; SYNC:C1|f2          ; yes                    ;
; SYNC:C1|hex01[1]                                    ; SYNC:C1|f2          ; yes                    ;
; SYNC:C1|hex01[2]                                    ; SYNC:C1|f2          ; yes                    ;
; SYNC:C1|hex01[3]                                    ; SYNC:C1|f2          ; yes                    ;
; SYNC:C1|f2                                          ; SYNC:C1|f2          ; yes                    ;
; Number of user-specified and inferred latches = 74  ;                     ;                        ;
+-----------------------------------------------------+---------------------+------------------------+
Note: All latches listed above may not be present at the end of synthesis due to various synthesis optimizations.


+---------------------------------------------------------------------------------+
; Registers Removed During Synthesis                                              ;
+----------------------------------------+----------------------------------------+
; Register name                          ; Reason for Removal                     ;
+----------------------------------------+----------------------------------------+
; pll:C|pll_altpll_0:altpll_0|prev_reset ; Stuck at GND due to stuck port data_in ;
; Total Number of Removed Registers = 1  ;                                        ;
+----------------------------------------+----------------------------------------+


+------------------------------------------------------+
; General Register Statistics                          ;
+----------------------------------------------+-------+
; Statistic                                    ; Value ;
+----------------------------------------------+-------+
; Total registers                              ; 116   ;
; Number of registers using Synchronous Clear  ; 22    ;
; Number of registers using Synchronous Load   ; 0     ;
; Number of registers using Asynchronous Clear ; 32    ;
; Number of registers using Asynchronous Load  ; 0     ;
; Number of registers using Clock Enable       ; 38    ;
; Number of registers using Preset             ; 0     ;
+----------------------------------------------+-------+


+---------------------------------------------------+
; Inverted Register Statistics                      ;
+-----------------------------------------+---------+
; Inverted Register                       ; Fan out ;
+-----------------------------------------+---------+
; SYNC:C1|SQ_Y1[8]                        ; 3       ;
; SYNC:C1|SQ_Y1[7]                        ; 3       ;
; SYNC:C1|SQ_Y1[6]                        ; 3       ;
; SYNC:C1|SQ_Y1[5]                        ; 3       ;
; SYNC:C1|SQ_Y1[4]                        ; 3       ;
; SYNC:C1|SQ_Y1[2]                        ; 3       ;
; SYNC:C1|add[2]                          ; 3       ;
; SYNC:C1|add[0]                          ; 3       ;
; SYNC:C1|SQ_X1[9]                        ; 3       ;
; SYNC:C1|SQ_X1[8]                        ; 3       ;
; SYNC:C1|SQ_X1[7]                        ; 3       ;
; SYNC:C1|SQ_X1[6]                        ; 3       ;
; SYNC:C1|SQ_X1[5]                        ; 3       ;
; SYNC:C1|SQ_X1[3]                        ; 3       ;
; Total number of inverted registers = 14 ;         ;
+-----------------------------------------+---------+


+----------------------------------------------------+
; Source assignments for pll:C|pll_altpll_0:altpll_0 ;
+----------------+-------+------+--------------------+
; Assignment     ; Value ; From ; To                 ;
+----------------+-------+------+--------------------+
; POWER_UP_LEVEL ; HIGH  ; -    ; pfdena_reg         ;
+----------------+-------+------+--------------------+


+------------------------------------------------------------------------------------------------------------------------+
; Source assignments for pll:C|pll_altpll_0:altpll_0|pll_altpll_0_stdsync_sv6:stdsync2|pll_altpll_0_dffpipe_l2c:dffpipe3 ;
+---------------------------------+-------+------+-----------------------------------------------------------------------+
; Assignment                      ; Value ; From ; To                                                                    ;
+---------------------------------+-------+------+-----------------------------------------------------------------------+
; AUTO_SHIFT_REGISTER_RECOGNITION ; OFF   ; -    ; -                                                                     ;
+---------------------------------+-------+------+-----------------------------------------------------------------------+


+---------------------------------------------------------------------------------------------------------------------+
; Port Connectivity Checks: "pll:C|pll_altpll_0:altpll_0|pll_altpll_0_altpll_3742:sd1"                                ;
+-----------+--------+----------+-------------------------------------------------------------------------------------+
; Port      ; Type   ; Severity ; Details                                                                             ;
+-----------+--------+----------+-------------------------------------------------------------------------------------+
; clk[4..1] ; Output ; Info     ; Connected to dangling logic. Logic that only feeds a dangling port will be removed. ;
; inclk[1]  ; Input  ; Info     ; Stuck at GND                                                                        ;
+-----------+--------+----------+-------------------------------------------------------------------------------------+


+------------------------------------------------------------------------------------------------------------------------------+
; Port Connectivity Checks: "pll:C|pll_altpll_0:altpll_0"                                                                      ;
+--------------------+--------+----------+-------------------------------------------------------------------------------------+
; Port               ; Type   ; Severity ; Details                                                                             ;
+--------------------+--------+----------+-------------------------------------------------------------------------------------+
; readdata           ; Output ; Info     ; Connected to dangling logic. Logic that only feeds a dangling port will be removed. ;
; scandone           ; Output ; Info     ; Connected to dangling logic. Logic that only feeds a dangling port will be removed. ;
; scandataout        ; Output ; Info     ; Connected to dangling logic. Logic that only feeds a dangling port will be removed. ;
; areset             ; Input  ; Info     ; Stuck at GND                                                                        ;
; locked             ; Output ; Info     ; Connected to dangling logic. Logic that only feeds a dangling port will be removed. ;
; phasedone          ; Output ; Info     ; Connected to dangling logic. Logic that only feeds a dangling port will be removed. ;
; phasecounterselect ; Input  ; Info     ; Stuck at GND                                                                        ;
; phaseupdown        ; Input  ; Info     ; Stuck at GND                                                                        ;
; phasestep          ; Input  ; Info     ; Stuck at GND                                                                        ;
; scanclk            ; Input  ; Info     ; Stuck at GND                                                                        ;
; scanclkena         ; Input  ; Info     ; Stuck at GND                                                                        ;
; scandata           ; Input  ; Info     ; Stuck at GND                                                                        ;
; configupdate       ; Input  ; Info     ; Stuck at GND                                                                        ;
+--------------------+--------+----------+-------------------------------------------------------------------------------------+


+-----------------------------------------------------+
; Post-Synthesis Netlist Statistics for Top Partition ;
+-----------------------+-----------------------------+
; Type                  ; Count                       ;
+-----------------------+-----------------------------+
; boundary_port         ; 50                          ;
; cycloneiii_ff         ; 116                         ;
;     CLR               ; 32                          ;
;     ENA               ; 27                          ;
;     ENA SCLR          ; 11                          ;
;     SCLR              ; 11                          ;
;     plain             ; 35                          ;
; cycloneiii_lcell_comb ; 366                         ;
;     arith             ; 164                         ;
;         2 data inputs ; 91                          ;
;         3 data inputs ; 73                          ;
;     normal            ; 202                         ;
;         0 data inputs ; 2                           ;
;         1 data inputs ; 21                          ;
;         2 data inputs ; 18                          ;
;         3 data inputs ; 66                          ;
;         4 data inputs ; 95                          ;
; cycloneiii_pll        ; 1                           ;
;                       ;                             ;
; Max LUT depth         ; 7.00                        ;
; Average LUT depth     ; 4.23                        ;
+-----------------------+-----------------------------+


+-------------------------------+
; Elapsed Time Per Partition    ;
+----------------+--------------+
; Partition Name ; Elapsed Time ;
+----------------+--------------+
; Top            ; 00:00:01     ;
+----------------+--------------+


+-------------------------------+
; Analysis & Synthesis Messages ;
+-------------------------------+
Info: *******************************************************************
Info: Running Quartus Prime Analysis & Synthesis
    Info: Version 17.1.0 Build 590 10/25/2017 SJ Lite Edition
    Info: Processing started: Fri Mar 22 17:59:50 2019
Info: Command: quartus_map --read_settings_files=on --write_settings_files=off VGA -c VGA
Warning (18236): Number of processors has not been specified which may cause overloading on shared machines.  Set the global assignment NUM_PARALLEL_PROCESSORS in your QSF to an appropriate value for best performance.
Info (20030): Parallel compilation is enabled and will use 4 of the 4 processors detected
Info (12021): Found 2 design units, including 1 entities, in source file pll/synthesis/pll.vhd
    Info (12022): Found design unit 1: pll-rtl File: C:/PC1/VGA-master/VGA/pll/synthesis/pll.vhd Line: 17
    Info (12023): Found entity 1: pll File: C:/PC1/VGA-master/VGA/pll/synthesis/pll.vhd Line: 9
Info (12021): Found 4 design units, including 4 entities, in source file pll/synthesis/submodules/pll_altpll_0.v
    Info (12023): Found entity 1: pll_altpll_0_dffpipe_l2c File: C:/PC1/VGA-master/VGA/pll/synthesis/submodules/pll_altpll_0.v Line: 37
    Info (12023): Found entity 2: pll_altpll_0_stdsync_sv6 File: C:/PC1/VGA-master/VGA/pll/synthesis/submodules/pll_altpll_0.v Line: 98
    Info (12023): Found entity 3: pll_altpll_0_altpll_3742 File: C:/PC1/VGA-master/VGA/pll/synthesis/submodules/pll_altpll_0.v Line: 130
    Info (12023): Found entity 4: pll_altpll_0 File: C:/PC1/VGA-master/VGA/pll/synthesis/submodules/pll_altpll_0.v Line: 213
Info (12021): Found 2 design units, including 1 entities, in source file vga.vhd
    Info (12022): Found design unit 1: VGA-MAIN File: C:/PC1/VGA-master/VGA/VGA.vhd Line: 22
    Info (12023): Found entity 1: VGA File: C:/PC1/VGA-master/VGA/VGA.vhd Line: 6
Info (12021): Found 2 design units, including 1 entities, in source file vhdl2.vhd
    Info (12022): Found design unit 1: SYNC-MAIN File: C:/PC1/VGA-master/VGA/Vhdl2.vhd Line: 24
    Info (12023): Found entity 1: SYNC File: C:/PC1/VGA-master/VGA/Vhdl2.vhd Line: 6
Info (12021): Found 2 design units, including 0 entities, in source file pcg.vhd
    Info (12022): Found design unit 1: MY File: C:/PC1/VGA-master/VGA/pcg.vhd Line: 5
    Info (12022): Found design unit 2: MY-body File: C:/PC1/VGA-master/VGA/pcg.vhd Line: 9
Info (12127): Elaborating entity "VGA" for the top level hierarchy
Warning (10541): VHDL Signal Declaration warning at VGA.vhd(23): used implicit default value for signal "RESET" because signal was never assigned a value or an explicit default value. Use of implicit default value may introduce unintended design optimizations. File: C:/PC1/VGA-master/VGA/VGA.vhd Line: 23
Info (12128): Elaborating entity "pll" for hierarchy "pll:C" File: C:/PC1/VGA-master/VGA/VGA.vhd Line: 52
Info (12128): Elaborating entity "pll_altpll_0" for hierarchy "pll:C|pll_altpll_0:altpll_0" File: C:/PC1/VGA-master/VGA/pll/synthesis/pll.vhd Line: 45
Info (12128): Elaborating entity "pll_altpll_0_stdsync_sv6" for hierarchy "pll:C|pll_altpll_0:altpll_0|pll_altpll_0_stdsync_sv6:stdsync2" File: C:/PC1/VGA-master/VGA/pll/synthesis/submodules/pll_altpll_0.v Line: 276
Info (12128): Elaborating entity "pll_altpll_0_dffpipe_l2c" for hierarchy "pll:C|pll_altpll_0:altpll_0|pll_altpll_0_stdsync_sv6:stdsync2|pll_altpll_0_dffpipe_l2c:dffpipe3" File: C:/PC1/VGA-master/VGA/pll/synthesis/submodules/pll_altpll_0.v Line: 116
Info (12128): Elaborating entity "pll_altpll_0_altpll_3742" for hierarchy "pll:C|pll_altpll_0:altpll_0|pll_altpll_0_altpll_3742:sd1" File: C:/PC1/VGA-master/VGA/pll/synthesis/submodules/pll_altpll_0.v Line: 282
Info (12128): Elaborating entity "SYNC" for hierarchy "SYNC:C1" File: C:/PC1/VGA-master/VGA/VGA.vhd Line: 53
Warning (10036): Verilog HDL or VHDL warning at Vhdl2.vhd(26): object "RGB" assigned a value but never read File: C:/PC1/VGA-master/VGA/Vhdl2.vhd Line: 26
Warning (10492): VHDL Process Statement warning at Vhdl2.vhd(150): signal "f2" is read inside the Process Statement but isn't in the Process Statement's sensitivity list File: C:/PC1/VGA-master/VGA/Vhdl2.vhd Line: 150
Warning (10492): VHDL Process Statement warning at Vhdl2.vhd(151): signal "hex0" is read inside the Process Statement but isn't in the Process Statement's sensitivity list File: C:/PC1/VGA-master/VGA/Vhdl2.vhd Line: 151
Warning (10492): VHDL Process Statement warning at Vhdl2.vhd(152): signal "hex1" is read inside the Process Statement but isn't in the Process Statement's sensitivity list File: C:/PC1/VGA-master/VGA/Vhdl2.vhd Line: 152
Warning (10631): VHDL Process Statement warning at Vhdl2.vhd(84): inferring latch(es) for signal or variable "hex01", which holds its previous value in one or more paths through the process File: C:/PC1/VGA-master/VGA/Vhdl2.vhd Line: 84
Warning (10492): VHDL Process Statement warning at Vhdl2.vhd(168): signal "f1" is read inside the Process Statement but isn't in the Process Statement's sensitivity list File: C:/PC1/VGA-master/VGA/Vhdl2.vhd Line: 168
Warning (10492): VHDL Process Statement warning at Vhdl2.vhd(169): signal "dataint" is read inside the Process Statement but isn't in the Process Statement's sensitivity list File: C:/PC1/VGA-master/VGA/Vhdl2.vhd Line: 169
Warning (10492): VHDL Process Statement warning at Vhdl2.vhd(170): signal "dataint" is read inside the Process Statement but isn't in the Process Statement's sensitivity list File: C:/PC1/VGA-master/VGA/Vhdl2.vhd Line: 170
Warning (10492): VHDL Process Statement warning at Vhdl2.vhd(173): signal "f1" is read inside the Process Statement but isn't in the Process Statement's sensitivity list File: C:/PC1/VGA-master/VGA/Vhdl2.vhd Line: 173
Warning (10631): VHDL Process Statement warning at Vhdl2.vhd(159): inferring latch(es) for signal or variable "dataint", which holds its previous value in one or more paths through the process File: C:/PC1/VGA-master/VGA/Vhdl2.vhd Line: 159
Warning (10631): VHDL Process Statement warning at Vhdl2.vhd(159): inferring latch(es) for signal or variable "hex1", which holds its previous value in one or more paths through the process File: C:/PC1/VGA-master/VGA/Vhdl2.vhd Line: 159
Warning (10631): VHDL Process Statement warning at Vhdl2.vhd(159): inferring latch(es) for signal or variable "hex0", which holds its previous value in one or more paths through the process File: C:/PC1/VGA-master/VGA/Vhdl2.vhd Line: 159
Warning (10631): VHDL Process Statement warning at Vhdl2.vhd(159): inferring latch(es) for signal or variable "f2", which holds its previous value in one or more paths through the process File: C:/PC1/VGA-master/VGA/Vhdl2.vhd Line: 159
Warning (10631): VHDL Process Statement warning at Vhdl2.vhd(159): inferring latch(es) for signal or variable "f1", which holds its previous value in one or more paths through the process File: C:/PC1/VGA-master/VGA/Vhdl2.vhd Line: 159
Info (10041): Inferred latch for "f1" at Vhdl2.vhd(159) File: C:/PC1/VGA-master/VGA/Vhdl2.vhd Line: 159
Info (10041): Inferred latch for "f2" at Vhdl2.vhd(159) File: C:/PC1/VGA-master/VGA/Vhdl2.vhd Line: 159
Info (10041): Inferred latch for "hex0[0]" at Vhdl2.vhd(159) File: C:/PC1/VGA-master/VGA/Vhdl2.vhd Line: 159
Info (10041): Inferred latch for "hex0[1]" at Vhdl2.vhd(159) File: C:/PC1/VGA-master/VGA/Vhdl2.vhd Line: 159
Info (10041): Inferred latch for "hex0[2]" at Vhdl2.vhd(159) File: C:/PC1/VGA-master/VGA/Vhdl2.vhd Line: 159
Info (10041): Inferred latch for "hex0[3]" at Vhdl2.vhd(159) File: C:/PC1/VGA-master/VGA/Vhdl2.vhd Line: 159
Info (10041): Inferred latch for "hex0[4]" at Vhdl2.vhd(159) File: C:/PC1/VGA-master/VGA/Vhdl2.vhd Line: 159
Info (10041): Inferred latch for "hex0[5]" at Vhdl2.vhd(159) File: C:/PC1/VGA-master/VGA/Vhdl2.vhd Line: 159
Info (10041): Inferred latch for "hex0[6]" at Vhdl2.vhd(159) File: C:/PC1/VGA-master/VGA/Vhdl2.vhd Line: 159
Info (10041): Inferred latch for "hex0[7]" at Vhdl2.vhd(159) File: C:/PC1/VGA-master/VGA/Vhdl2.vhd Line: 159
Info (10041): Inferred latch for "hex0[8]" at Vhdl2.vhd(159) File: C:/PC1/VGA-master/VGA/Vhdl2.vhd Line: 159
Info (10041): Inferred latch for "hex0[9]" at Vhdl2.vhd(159) File: C:/PC1/VGA-master/VGA/Vhdl2.vhd Line: 159
Info (10041): Inferred latch for "hex0[10]" at Vhdl2.vhd(159) File: C:/PC1/VGA-master/VGA/Vhdl2.vhd Line: 159
Info (10041): Inferred latch for "hex0[11]" at Vhdl2.vhd(159) File: C:/PC1/VGA-master/VGA/Vhdl2.vhd Line: 159
Info (10041): Inferred latch for "hex0[12]" at Vhdl2.vhd(159) File: C:/PC1/VGA-master/VGA/Vhdl2.vhd Line: 159
Info (10041): Inferred latch for "hex0[13]" at Vhdl2.vhd(159) File: C:/PC1/VGA-master/VGA/Vhdl2.vhd Line: 159
Info (10041): Inferred latch for "hex0[14]" at Vhdl2.vhd(159) File: C:/PC1/VGA-master/VGA/Vhdl2.vhd Line: 159
Info (10041): Inferred latch for "hex0[15]" at Vhdl2.vhd(159) File: C:/PC1/VGA-master/VGA/Vhdl2.vhd Line: 159
Info (10041): Inferred latch for "hex0[16]" at Vhdl2.vhd(159) File: C:/PC1/VGA-master/VGA/Vhdl2.vhd Line: 159
Info (10041): Inferred latch for "hex0[17]" at Vhdl2.vhd(159) File: C:/PC1/VGA-master/VGA/Vhdl2.vhd Line: 159
Info (10041): Inferred latch for "hex0[18]" at Vhdl2.vhd(159) File: C:/PC1/VGA-master/VGA/Vhdl2.vhd Line: 159
Info (10041): Inferred latch for "hex0[19]" at Vhdl2.vhd(159) File: C:/PC1/VGA-master/VGA/Vhdl2.vhd Line: 159
Info (10041): Inferred latch for "hex0[20]" at Vhdl2.vhd(159) File: C:/PC1/VGA-master/VGA/Vhdl2.vhd Line: 159
Info (10041): Inferred latch for "hex0[21]" at Vhdl2.vhd(159) File: C:/PC1/VGA-master/VGA/Vhdl2.vhd Line: 159
Info (10041): Inferred latch for "hex0[22]" at Vhdl2.vhd(159) File: C:/PC1/VGA-master/VGA/Vhdl2.vhd Line: 159
Info (10041): Inferred latch for "hex0[23]" at Vhdl2.vhd(159) File: C:/PC1/VGA-master/VGA/Vhdl2.vhd Line: 159
Info (10041): Inferred latch for "hex0[24]" at Vhdl2.vhd(159) File: C:/PC1/VGA-master/VGA/Vhdl2.vhd Line: 159
Info (10041): Inferred latch for "hex0[25]" at Vhdl2.vhd(159) File: C:/PC1/VGA-master/VGA/Vhdl2.vhd Line: 159
Info (10041): Inferred latch for "hex0[26]" at Vhdl2.vhd(159) File: C:/PC1/VGA-master/VGA/Vhdl2.vhd Line: 159
Info (10041): Inferred latch for "hex0[27]" at Vhdl2.vhd(159) File: C:/PC1/VGA-master/VGA/Vhdl2.vhd Line: 159
Info (10041): Inferred latch for "hex0[28]" at Vhdl2.vhd(159) File: C:/PC1/VGA-master/VGA/Vhdl2.vhd Line: 159
Info (10041): Inferred latch for "hex0[29]" at Vhdl2.vhd(159) File: C:/PC1/VGA-master/VGA/Vhdl2.vhd Line: 159
Info (10041): Inferred latch for "hex0[30]" at Vhdl2.vhd(159) File: C:/PC1/VGA-master/VGA/Vhdl2.vhd Line: 159
Info (10041): Inferred latch for "hex0[31]" at Vhdl2.vhd(159) File: C:/PC1/VGA-master/VGA/Vhdl2.vhd Line: 159
Info (10041): Inferred latch for "hex1[0]" at Vhdl2.vhd(159) File: C:/PC1/VGA-master/VGA/Vhdl2.vhd Line: 159
Info (10041): Inferred latch for "hex1[1]" at Vhdl2.vhd(159) File: C:/PC1/VGA-master/VGA/Vhdl2.vhd Line: 159
Info (10041): Inferred latch for "hex1[2]" at Vhdl2.vhd(159) File: C:/PC1/VGA-master/VGA/Vhdl2.vhd Line: 159
Info (10041): Inferred latch for "hex1[3]" at Vhdl2.vhd(159) File: C:/PC1/VGA-master/VGA/Vhdl2.vhd Line: 159
Info (10041): Inferred latch for "hex1[4]" at Vhdl2.vhd(159) File: C:/PC1/VGA-master/VGA/Vhdl2.vhd Line: 159
Info (10041): Inferred latch for "hex1[5]" at Vhdl2.vhd(159) File: C:/PC1/VGA-master/VGA/Vhdl2.vhd Line: 159
Info (10041): Inferred latch for "hex1[6]" at Vhdl2.vhd(159) File: C:/PC1/VGA-master/VGA/Vhdl2.vhd Line: 159
Info (10041): Inferred latch for "hex1[7]" at Vhdl2.vhd(159) File: C:/PC1/VGA-master/VGA/Vhdl2.vhd Line: 159
Info (10041): Inferred latch for "hex1[8]" at Vhdl2.vhd(159) File: C:/PC1/VGA-master/VGA/Vhdl2.vhd Line: 159
Info (10041): Inferred latch for "hex1[9]" at Vhdl2.vhd(159) File: C:/PC1/VGA-master/VGA/Vhdl2.vhd Line: 159
Info (10041): Inferred latch for "hex1[10]" at Vhdl2.vhd(159) File: C:/PC1/VGA-master/VGA/Vhdl2.vhd Line: 159
Info (10041): Inferred latch for "hex1[11]" at Vhdl2.vhd(159) File: C:/PC1/VGA-master/VGA/Vhdl2.vhd Line: 159
Info (10041): Inferred latch for "hex1[12]" at Vhdl2.vhd(159) File: C:/PC1/VGA-master/VGA/Vhdl2.vhd Line: 159
Info (10041): Inferred latch for "hex1[13]" at Vhdl2.vhd(159) File: C:/PC1/VGA-master/VGA/Vhdl2.vhd Line: 159
Info (10041): Inferred latch for "hex1[14]" at Vhdl2.vhd(159) File: C:/PC1/VGA-master/VGA/Vhdl2.vhd Line: 159
Info (10041): Inferred latch for "hex1[15]" at Vhdl2.vhd(159) File: C:/PC1/VGA-master/VGA/Vhdl2.vhd Line: 159
Info (10041): Inferred latch for "hex1[16]" at Vhdl2.vhd(159) File: C:/PC1/VGA-master/VGA/Vhdl2.vhd Line: 159
Info (10041): Inferred latch for "hex1[17]" at Vhdl2.vhd(159) File: C:/PC1/VGA-master/VGA/Vhdl2.vhd Line: 159
Info (10041): Inferred latch for "hex1[18]" at Vhdl2.vhd(159) File: C:/PC1/VGA-master/VGA/Vhdl2.vhd Line: 159
Info (10041): Inferred latch for "hex1[19]" at Vhdl2.vhd(159) File: C:/PC1/VGA-master/VGA/Vhdl2.vhd Line: 159
Info (10041): Inferred latch for "hex1[20]" at Vhdl2.vhd(159) File: C:/PC1/VGA-master/VGA/Vhdl2.vhd Line: 159
Info (10041): Inferred latch for "hex1[21]" at Vhdl2.vhd(159) File: C:/PC1/VGA-master/VGA/Vhdl2.vhd Line: 159
Info (10041): Inferred latch for "hex1[22]" at Vhdl2.vhd(159) File: C:/PC1/VGA-master/VGA/Vhdl2.vhd Line: 159
Info (10041): Inferred latch for "hex1[23]" at Vhdl2.vhd(159) File: C:/PC1/VGA-master/VGA/Vhdl2.vhd Line: 159
Info (10041): Inferred latch for "hex1[24]" at Vhdl2.vhd(159) File: C:/PC1/VGA-master/VGA/Vhdl2.vhd Line: 159
Info (10041): Inferred latch for "hex1[25]" at Vhdl2.vhd(159) File: C:/PC1/VGA-master/VGA/Vhdl2.vhd Line: 159
Info (10041): Inferred latch for "hex1[26]" at Vhdl2.vhd(159) File: C:/PC1/VGA-master/VGA/Vhdl2.vhd Line: 159
Info (10041): Inferred latch for "hex1[27]" at Vhdl2.vhd(159) File: C:/PC1/VGA-master/VGA/Vhdl2.vhd Line: 159
Info (10041): Inferred latch for "hex1[28]" at Vhdl2.vhd(159) File: C:/PC1/VGA-master/VGA/Vhdl2.vhd Line: 159
Info (10041): Inferred latch for "hex1[29]" at Vhdl2.vhd(159) File: C:/PC1/VGA-master/VGA/Vhdl2.vhd Line: 159
Info (10041): Inferred latch for "hex1[30]" at Vhdl2.vhd(159) File: C:/PC1/VGA-master/VGA/Vhdl2.vhd Line: 159
Info (10041): Inferred latch for "hex1[31]" at Vhdl2.vhd(159) File: C:/PC1/VGA-master/VGA/Vhdl2.vhd Line: 159
Info (10041): Inferred latch for "dataint[0]" at Vhdl2.vhd(159) File: C:/PC1/VGA-master/VGA/Vhdl2.vhd Line: 159
Info (10041): Inferred latch for "dataint[1]" at Vhdl2.vhd(159) File: C:/PC1/VGA-master/VGA/Vhdl2.vhd Line: 159
Info (10041): Inferred latch for "dataint[2]" at Vhdl2.vhd(159) File: C:/PC1/VGA-master/VGA/Vhdl2.vhd Line: 159
Info (10041): Inferred latch for "dataint[3]" at Vhdl2.vhd(159) File: C:/PC1/VGA-master/VGA/Vhdl2.vhd Line: 159
Info (10041): Inferred latch for "dataint[4]" at Vhdl2.vhd(159) File: C:/PC1/VGA-master/VGA/Vhdl2.vhd Line: 159
Info (10041): Inferred latch for "dataint[5]" at Vhdl2.vhd(159) File: C:/PC1/VGA-master/VGA/Vhdl2.vhd Line: 159
Info (10041): Inferred latch for "dataint[6]" at Vhdl2.vhd(159) File: C:/PC1/VGA-master/VGA/Vhdl2.vhd Line: 159
Info (10041): Inferred latch for "dataint[7]" at Vhdl2.vhd(159) File: C:/PC1/VGA-master/VGA/Vhdl2.vhd Line: 159
Info (10041): Inferred latch for "dataint[8]" at Vhdl2.vhd(159) File: C:/PC1/VGA-master/VGA/Vhdl2.vhd Line: 159
Info (10041): Inferred latch for "dataint[9]" at Vhdl2.vhd(159) File: C:/PC1/VGA-master/VGA/Vhdl2.vhd Line: 159
Info (10041): Inferred latch for "dataint[10]" at Vhdl2.vhd(159) File: C:/PC1/VGA-master/VGA/Vhdl2.vhd Line: 159
Info (10041): Inferred latch for "dataint[11]" at Vhdl2.vhd(159) File: C:/PC1/VGA-master/VGA/Vhdl2.vhd Line: 159
Info (10041): Inferred latch for "dataint[12]" at Vhdl2.vhd(159) File: C:/PC1/VGA-master/VGA/Vhdl2.vhd Line: 159
Info (10041): Inferred latch for "dataint[13]" at Vhdl2.vhd(159) File: C:/PC1/VGA-master/VGA/Vhdl2.vhd Line: 159
Info (10041): Inferred latch for "dataint[14]" at Vhdl2.vhd(159) File: C:/PC1/VGA-master/VGA/Vhdl2.vhd Line: 159
Info (10041): Inferred latch for "dataint[15]" at Vhdl2.vhd(159) File: C:/PC1/VGA-master/VGA/Vhdl2.vhd Line: 159
Info (10041): Inferred latch for "dataint[16]" at Vhdl2.vhd(159) File: C:/PC1/VGA-master/VGA/Vhdl2.vhd Line: 159
Info (10041): Inferred latch for "dataint[17]" at Vhdl2.vhd(159) File: C:/PC1/VGA-master/VGA/Vhdl2.vhd Line: 159
Info (10041): Inferred latch for "dataint[18]" at Vhdl2.vhd(159) File: C:/PC1/VGA-master/VGA/Vhdl2.vhd Line: 159
Info (10041): Inferred latch for "dataint[19]" at Vhdl2.vhd(159) File: C:/PC1/VGA-master/VGA/Vhdl2.vhd Line: 159
Info (10041): Inferred latch for "dataint[20]" at Vhdl2.vhd(159) File: C:/PC1/VGA-master/VGA/Vhdl2.vhd Line: 159
Info (10041): Inferred latch for "dataint[21]" at Vhdl2.vhd(159) File: C:/PC1/VGA-master/VGA/Vhdl2.vhd Line: 159
Info (10041): Inferred latch for "dataint[22]" at Vhdl2.vhd(159) File: C:/PC1/VGA-master/VGA/Vhdl2.vhd Line: 159
Info (10041): Inferred latch for "dataint[23]" at Vhdl2.vhd(159) File: C:/PC1/VGA-master/VGA/Vhdl2.vhd Line: 159
Info (10041): Inferred latch for "dataint[24]" at Vhdl2.vhd(159) File: C:/PC1/VGA-master/VGA/Vhdl2.vhd Line: 159
Info (10041): Inferred latch for "dataint[25]" at Vhdl2.vhd(159) File: C:/PC1/VGA-master/VGA/Vhdl2.vhd Line: 159
Info (10041): Inferred latch for "dataint[26]" at Vhdl2.vhd(159) File: C:/PC1/VGA-master/VGA/Vhdl2.vhd Line: 159
Info (10041): Inferred latch for "dataint[27]" at Vhdl2.vhd(159) File: C:/PC1/VGA-master/VGA/Vhdl2.vhd Line: 159
Info (10041): Inferred latch for "dataint[28]" at Vhdl2.vhd(159) File: C:/PC1/VGA-master/VGA/Vhdl2.vhd Line: 159
Info (10041): Inferred latch for "dataint[29]" at Vhdl2.vhd(159) File: C:/PC1/VGA-master/VGA/Vhdl2.vhd Line: 159
Info (10041): Inferred latch for "dataint[30]" at Vhdl2.vhd(159) File: C:/PC1/VGA-master/VGA/Vhdl2.vhd Line: 159
Info (10041): Inferred latch for "dataint[31]" at Vhdl2.vhd(159) File: C:/PC1/VGA-master/VGA/Vhdl2.vhd Line: 159
Info (10041): Inferred latch for "hex01[0]" at Vhdl2.vhd(84) File: C:/PC1/VGA-master/VGA/Vhdl2.vhd Line: 84
Info (10041): Inferred latch for "hex01[1]" at Vhdl2.vhd(84) File: C:/PC1/VGA-master/VGA/Vhdl2.vhd Line: 84
Info (10041): Inferred latch for "hex01[2]" at Vhdl2.vhd(84) File: C:/PC1/VGA-master/VGA/Vhdl2.vhd Line: 84
Info (10041): Inferred latch for "hex01[3]" at Vhdl2.vhd(84) File: C:/PC1/VGA-master/VGA/Vhdl2.vhd Line: 84
Info (10041): Inferred latch for "hex01[4]" at Vhdl2.vhd(84) File: C:/PC1/VGA-master/VGA/Vhdl2.vhd Line: 84
Info (10041): Inferred latch for "hex01[5]" at Vhdl2.vhd(84) File: C:/PC1/VGA-master/VGA/Vhdl2.vhd Line: 84
Info (10041): Inferred latch for "hex01[6]" at Vhdl2.vhd(84) File: C:/PC1/VGA-master/VGA/Vhdl2.vhd Line: 84
Info (10041): Inferred latch for "hex01[7]" at Vhdl2.vhd(84) File: C:/PC1/VGA-master/VGA/Vhdl2.vhd Line: 84
Info (10041): Inferred latch for "hex01[8]" at Vhdl2.vhd(84) File: C:/PC1/VGA-master/VGA/Vhdl2.vhd Line: 84
Info (10041): Inferred latch for "hex01[9]" at Vhdl2.vhd(84) File: C:/PC1/VGA-master/VGA/Vhdl2.vhd Line: 84
Info (10041): Inferred latch for "hex01[10]" at Vhdl2.vhd(84) File: C:/PC1/VGA-master/VGA/Vhdl2.vhd Line: 84
Info (10041): Inferred latch for "hex01[11]" at Vhdl2.vhd(84) File: C:/PC1/VGA-master/VGA/Vhdl2.vhd Line: 84
Info (10041): Inferred latch for "hex01[12]" at Vhdl2.vhd(84) File: C:/PC1/VGA-master/VGA/Vhdl2.vhd Line: 84
Info (10041): Inferred latch for "hex01[13]" at Vhdl2.vhd(84) File: C:/PC1/VGA-master/VGA/Vhdl2.vhd Line: 84
Info (10041): Inferred latch for "hex01[14]" at Vhdl2.vhd(84) File: C:/PC1/VGA-master/VGA/Vhdl2.vhd Line: 84
Info (10041): Inferred latch for "hex01[15]" at Vhdl2.vhd(84) File: C:/PC1/VGA-master/VGA/Vhdl2.vhd Line: 84
Info (10041): Inferred latch for "hex01[16]" at Vhdl2.vhd(84) File: C:/PC1/VGA-master/VGA/Vhdl2.vhd Line: 84
Info (10041): Inferred latch for "hex01[17]" at Vhdl2.vhd(84) File: C:/PC1/VGA-master/VGA/Vhdl2.vhd Line: 84
Info (10041): Inferred latch for "hex01[18]" at Vhdl2.vhd(84) File: C:/PC1/VGA-master/VGA/Vhdl2.vhd Line: 84
Info (10041): Inferred latch for "hex01[19]" at Vhdl2.vhd(84) File: C:/PC1/VGA-master/VGA/Vhdl2.vhd Line: 84
Info (10041): Inferred latch for "hex01[20]" at Vhdl2.vhd(84) File: C:/PC1/VGA-master/VGA/Vhdl2.vhd Line: 84
Info (10041): Inferred latch for "hex01[21]" at Vhdl2.vhd(84) File: C:/PC1/VGA-master/VGA/Vhdl2.vhd Line: 84
Info (10041): Inferred latch for "hex01[22]" at Vhdl2.vhd(84) File: C:/PC1/VGA-master/VGA/Vhdl2.vhd Line: 84
Info (10041): Inferred latch for "hex01[23]" at Vhdl2.vhd(84) File: C:/PC1/VGA-master/VGA/Vhdl2.vhd Line: 84
Info (10041): Inferred latch for "hex01[24]" at Vhdl2.vhd(84) File: C:/PC1/VGA-master/VGA/Vhdl2.vhd Line: 84
Info (10041): Inferred latch for "hex01[25]" at Vhdl2.vhd(84) File: C:/PC1/VGA-master/VGA/Vhdl2.vhd Line: 84
Info (10041): Inferred latch for "hex01[26]" at Vhdl2.vhd(84) File: C:/PC1/VGA-master/VGA/Vhdl2.vhd Line: 84
Info (10041): Inferred latch for "hex01[27]" at Vhdl2.vhd(84) File: C:/PC1/VGA-master/VGA/Vhdl2.vhd Line: 84
Info (10041): Inferred latch for "hex01[28]" at Vhdl2.vhd(84) File: C:/PC1/VGA-master/VGA/Vhdl2.vhd Line: 84
Info (10041): Inferred latch for "hex01[29]" at Vhdl2.vhd(84) File: C:/PC1/VGA-master/VGA/Vhdl2.vhd Line: 84
Info (10041): Inferred latch for "hex01[30]" at Vhdl2.vhd(84) File: C:/PC1/VGA-master/VGA/Vhdl2.vhd Line: 84
Info (10041): Inferred latch for "hex01[31]" at Vhdl2.vhd(84) File: C:/PC1/VGA-master/VGA/Vhdl2.vhd Line: 84
Info (13025): Duplicate LATCH primitives merged into single LATCH primitive
    Info (13026): Duplicate LATCH primitive "SYNC:C1|hex1[29]" merged with LATCH primitive "SYNC:C1|hex1[28]" File: C:/PC1/VGA-master/VGA/Vhdl2.vhd Line: 159
    Info (13026): Duplicate LATCH primitive "SYNC:C1|hex1[30]" merged with LATCH primitive "SYNC:C1|hex1[28]" File: C:/PC1/VGA-master/VGA/Vhdl2.vhd Line: 159
    Info (13026): Duplicate LATCH primitive "SYNC:C1|hex1[31]" merged with LATCH primitive "SYNC:C1|hex1[28]" File: C:/PC1/VGA-master/VGA/Vhdl2.vhd Line: 159
    Info (13026): Duplicate LATCH primitive "SYNC:C1|dataint[7]" merged with LATCH primitive "SYNC:C1|dataint[31]" File: C:/PC1/VGA-master/VGA/Vhdl2.vhd Line: 159
    Info (13026): Duplicate LATCH primitive "SYNC:C1|dataint[8]" merged with LATCH primitive "SYNC:C1|dataint[31]" File: C:/PC1/VGA-master/VGA/Vhdl2.vhd Line: 159
    Info (13026): Duplicate LATCH primitive "SYNC:C1|dataint[9]" merged with LATCH primitive "SYNC:C1|dataint[31]" File: C:/PC1/VGA-master/VGA/Vhdl2.vhd Line: 159
    Info (13026): Duplicate LATCH primitive "SYNC:C1|dataint[10]" merged with LATCH primitive "SYNC:C1|dataint[31]" File: C:/PC1/VGA-master/VGA/Vhdl2.vhd Line: 159
    Info (13026): Duplicate LATCH primitive "SYNC:C1|dataint[11]" merged with LATCH primitive "SYNC:C1|dataint[31]" File: C:/PC1/VGA-master/VGA/Vhdl2.vhd Line: 159
    Info (13026): Duplicate LATCH primitive "SYNC:C1|dataint[12]" merged with LATCH primitive "SYNC:C1|dataint[31]" File: C:/PC1/VGA-master/VGA/Vhdl2.vhd Line: 159
    Info (13026): Duplicate LATCH primitive "SYNC:C1|dataint[13]" merged with LATCH primitive "SYNC:C1|dataint[31]" File: C:/PC1/VGA-master/VGA/Vhdl2.vhd Line: 159
    Info (13026): Duplicate LATCH primitive "SYNC:C1|dataint[14]" merged with LATCH primitive "SYNC:C1|dataint[31]" File: C:/PC1/VGA-master/VGA/Vhdl2.vhd Line: 159
    Info (13026): Duplicate LATCH primitive "SYNC:C1|dataint[15]" merged with LATCH primitive "SYNC:C1|dataint[31]" File: C:/PC1/VGA-master/VGA/Vhdl2.vhd Line: 159
    Info (13026): Duplicate LATCH primitive "SYNC:C1|dataint[16]" merged with LATCH primitive "SYNC:C1|dataint[31]" File: C:/PC1/VGA-master/VGA/Vhdl2.vhd Line: 159
    Info (13026): Duplicate LATCH primitive "SYNC:C1|dataint[17]" merged with LATCH primitive "SYNC:C1|dataint[31]" File: C:/PC1/VGA-master/VGA/Vhdl2.vhd Line: 159
    Info (13026): Duplicate LATCH primitive "SYNC:C1|dataint[18]" merged with LATCH primitive "SYNC:C1|dataint[31]" File: C:/PC1/VGA-master/VGA/Vhdl2.vhd Line: 159
    Info (13026): Duplicate LATCH primitive "SYNC:C1|dataint[19]" merged with LATCH primitive "SYNC:C1|dataint[31]" File: C:/PC1/VGA-master/VGA/Vhdl2.vhd Line: 159
    Info (13026): Duplicate LATCH primitive "SYNC:C1|dataint[20]" merged with LATCH primitive "SYNC:C1|dataint[31]" File: C:/PC1/VGA-master/VGA/Vhdl2.vhd Line: 159
    Info (13026): Duplicate LATCH primitive "SYNC:C1|dataint[21]" merged with LATCH primitive "SYNC:C1|dataint[31]" File: C:/PC1/VGA-master/VGA/Vhdl2.vhd Line: 159
    Info (13026): Duplicate LATCH primitive "SYNC:C1|dataint[22]" merged with LATCH primitive "SYNC:C1|dataint[31]" File: C:/PC1/VGA-master/VGA/Vhdl2.vhd Line: 159
    Info (13026): Duplicate LATCH primitive "SYNC:C1|dataint[23]" merged with LATCH primitive "SYNC:C1|dataint[31]" File: C:/PC1/VGA-master/VGA/Vhdl2.vhd Line: 159
    Info (13026): Duplicate LATCH primitive "SYNC:C1|dataint[24]" merged with LATCH primitive "SYNC:C1|dataint[31]" File: C:/PC1/VGA-master/VGA/Vhdl2.vhd Line: 159
    Info (13026): Duplicate LATCH primitive "SYNC:C1|dataint[25]" merged with LATCH primitive "SYNC:C1|dataint[31]" File: C:/PC1/VGA-master/VGA/Vhdl2.vhd Line: 159
    Info (13026): Duplicate LATCH primitive "SYNC:C1|dataint[26]" merged with LATCH primitive "SYNC:C1|dataint[31]" File: C:/PC1/VGA-master/VGA/Vhdl2.vhd Line: 159
    Info (13026): Duplicate LATCH primitive "SYNC:C1|dataint[27]" merged with LATCH primitive "SYNC:C1|dataint[31]" File: C:/PC1/VGA-master/VGA/Vhdl2.vhd Line: 159
    Info (13026): Duplicate LATCH primitive "SYNC:C1|dataint[28]" merged with LATCH primitive "SYNC:C1|dataint[31]" File: C:/PC1/VGA-master/VGA/Vhdl2.vhd Line: 159
    Info (13026): Duplicate LATCH primitive "SYNC:C1|dataint[29]" merged with LATCH primitive "SYNC:C1|dataint[31]" File: C:/PC1/VGA-master/VGA/Vhdl2.vhd Line: 159
    Info (13026): Duplicate LATCH primitive "SYNC:C1|dataint[30]" merged with LATCH primitive "SYNC:C1|dataint[31]" File: C:/PC1/VGA-master/VGA/Vhdl2.vhd Line: 159
Warning (13012): Latch SYNC:C1|f2 has unsafe behavior File: C:/PC1/VGA-master/VGA/Vhdl2.vhd Line: 42
    Warning (13013): Ports D and ENA on the latch are fed by the same signal SYNC:C1|f1 File: C:/PC1/VGA-master/VGA/Vhdl2.vhd Line: 41
Info (286030): Timing-Driven Synthesis is running
Info (16010): Generating hard_block partition "hard_block:auto_generated_inst"
    Info (16011): Adding 1 node(s), including 0 DDIO, 1 PLL, 0 transceiver and 0 LCELL
Warning (21074): Design contains 6 input pin(s) that do not drive logic
    Warning (15610): No output dependent on input pin "SW[0]" File: C:/PC1/VGA-master/VGA/VGA.vhd Line: 15
    Warning (15610): No output dependent on input pin "SW[1]" File: C:/PC1/VGA-master/VGA/VGA.vhd Line: 15
    Warning (15610): No output dependent on input pin "KEY[0]" File: C:/PC1/VGA-master/VGA/VGA.vhd Line: 16
    Warning (15610): No output dependent on input pin "KEY[1]" File: C:/PC1/VGA-master/VGA/VGA.vhd Line: 16
    Warning (15610): No output dependent on input pin "KEY[2]" File: C:/PC1/VGA-master/VGA/VGA.vhd Line: 16
    Warning (15610): No output dependent on input pin "KEY[3]" File: C:/PC1/VGA-master/VGA/VGA.vhd Line: 16
Info (21057): Implemented 439 device resources after synthesis - the final resource count might be different
    Info (21058): Implemented 9 input pins
    Info (21059): Implemented 41 output pins
    Info (21061): Implemented 388 logic cells
    Info (21065): Implemented 1 PLLs
Info: Quartus Prime Analysis & Synthesis was successful. 0 errors, 25 warnings
    Info: Peak virtual memory: 4813 megabytes
    Info: Processing ended: Fri Mar 22 18:00:04 2019
    Info: Elapsed time: 00:00:14
    Info: Total CPU time (on all processors): 00:00:26


